<?xml version="1.0" encoding="UTF-8"?>
<!-- Generated by org.testng.reporters.JUnitReportReporter -->
<testsuite skipped="0" hostname="VAIO" name="com.Mercury.Demo" tests="1" failures="0" timestamp="2020-10-11T15:19:24 IST" time="4.197" errors="0">
  <testcase name="Login_Mercury" time="4.197" classname="com.Mercury.Demo"/>
  <system-out/>
</testsuite> <!-- com.Mercury.Demo -->
